2023-10-27 09:05:22.128 [info] Extension host with pid 31658 started
2023-10-27 09:05:22.150 [info] Lock '/home/rahul/.vscode-server/data/User/workspaceStorage/a7d4fcbeb173e8ad08faa0522097a07a/vscode.lock': Lock acquired.
2023-10-27 09:05:24.189 [info] ExtensionService#_doActivateExtension vscode.emmet, startup: false, activationEvent: 'onLanguage'
2023-10-27 09:05:24.190 [info] ExtensionService#_doActivateExtension redhat.vscode-yaml, startup: false, activationEvent: 'onLanguage:yaml'
2023-10-27 09:05:24.617 [info] ExtensionService#_doActivateExtension vscode.git-base, startup: true, activationEvent: '*', root cause: vscode.git
2023-10-27 09:05:24.871 [info] ExtensionService#_doActivateExtension vscode.git, startup: true, activationEvent: '*'
2023-10-27 09:05:24.871 [info] ExtensionService#_doActivateExtension vscode.github, startup: true, activationEvent: '*'
2023-10-27 09:05:25.026 [warning] [redhat.vscode-yaml] Accessing a resource scoped configuration without providing a resource is not expected. To get the effective value for '[yaml]', provide the URI of a resource or 'null' for any resource.
2023-10-27 09:05:25.028 [warning] [redhat.vscode-yaml] Accessing a resource scoped configuration without providing a resource is not expected. To get the effective value for '[yaml]', provide the URI of a resource or 'null' for any resource.
2023-10-27 09:05:25.271 [warning] [redhat.vscode-yaml] Accessing a resource scoped configuration without providing a resource is not expected. To get the effective value for '[yaml]', provide the URI of a resource or 'null' for any resource.
2023-10-27 09:05:25.478 [warning] [redhat.vscode-yaml] Accessing a resource scoped configuration without providing a resource is not expected. To get the effective value for '[yaml]', provide the URI of a resource or 'null' for any resource.
2023-10-27 09:05:25.851 [info] Eager extensions activated
2023-10-27 09:05:25.851 [info] ExtensionService#_doActivateExtension vscode.debug-auto-launch, startup: false, activationEvent: 'onStartupFinished'
2023-10-27 09:05:25.852 [info] ExtensionService#_doActivateExtension vscode.merge-conflict, startup: false, activationEvent: 'onStartupFinished'
2023-10-27 09:05:25.889 [warning] [redhat.vscode-yaml] Accessing a resource scoped configuration without providing a resource is not expected. To get the effective value for '[yaml]', provide the URI of a resource or 'null' for any resource.
2023-10-27 09:05:25.897 [warning] [redhat.vscode-yaml] Accessing a resource scoped configuration without providing a resource is not expected. To get the effective value for '[yaml]', provide the URI of a resource or 'null' for any resource.
2023-10-27 09:07:23.504 [info] ExtensionService#_doActivateExtension vscode.npm, startup: false, activationEvent: 'onTerminalQuickFixRequest:ms-vscode.npm-command'
2023-10-27 11:16:32.625 [info] Extension host terminating: renderer disconnected for too long (2)
2023-10-27 11:16:32.626 [info] Lock '/home/rahul/.vscode-server/data/User/workspaceStorage/a7d4fcbeb173e8ad08faa0522097a07a/vscode.lock': Marking the lockfile as scheduled to be released in 6000 ms.
2023-10-27 11:16:32.645 [info] Extension host with pid 31658 exiting with code 0
