2023-10-29 05:09:43.806 [info] Extension host with pid 2049 started
2023-10-29 05:09:43.810 [error] Error: EEXIST: file already exists, open '/home/rahul/.vscode-server/data/User/workspaceStorage/bb2e8a8e9fad3b0f2bf10635400007a0/vscode.lock'
2023-10-29 05:09:43.817 [info] Lock '/home/rahul/.vscode-server/data/User/workspaceStorage/bb2e8a8e9fad3b0f2bf10635400007a0/vscode.lock': Could not acquire lock, checking if the file is stale.
2023-10-29 05:09:43.821 [info] Lock '/home/rahul/.vscode-server/data/User/workspaceStorage/bb2e8a8e9fad3b0f2bf10635400007a0/vscode.lock': The lock does not look stale, elapsed: 877 ms, giving up.
2023-10-29 05:09:43.836 [info] Lock '/home/rahul/.vscode-server/data/User/workspaceStorage/bb2e8a8e9fad3b0f2bf10635400007a0-1/vscode.lock': Lock acquired.
2023-10-29 05:09:44.107 [info] ExtensionService#_doActivateExtension vscode.git-base, startup: true, activationEvent: '*', root cause: vscode.git
2023-10-29 05:09:44.836 [info] ExtensionService#_doActivateExtension vscode.git, startup: true, activationEvent: '*'
2023-10-29 05:09:44.836 [info] ExtensionService#_doActivateExtension vscode.github, startup: true, activationEvent: '*'
2023-10-29 05:09:45.255 [info] Eager extensions activated
2023-10-29 05:09:45.255 [info] ExtensionService#_doActivateExtension vscode.debug-auto-launch, startup: false, activationEvent: 'onStartupFinished'
2023-10-29 05:09:45.256 [info] ExtensionService#_doActivateExtension vscode.merge-conflict, startup: false, activationEvent: 'onStartupFinished'
2023-10-29 05:11:00.249 [info] ExtensionService#_doActivateExtension vscode.emmet, startup: false, activationEvent: 'onLanguage'
2023-10-29 05:11:01.033 [info] ExtensionService#_doActivateExtension vscode.extension-editing, startup: false, activationEvent: 'onLanguage:markdown'
2023-10-29 05:11:01.033 [info] ExtensionService#_doActivateExtension vscode.markdown-language-features, startup: false, activationEvent: 'onLanguage:markdown'
2023-10-29 05:11:02.186 [info] ExtensionService#_doActivateExtension vscode.markdown-math, startup: false, activationEvent: 'api', root cause: vscode.markdown-language-features
2023-10-29 07:15:53.190 [info] ExtensionService#_doActivateExtension vscode.npm, startup: false, activationEvent: 'onTerminalQuickFixRequest:ms-vscode.npm-command'
2023-10-29 11:05:37.648 [info] ExtensionService#_doActivateExtension hashicorp.terraform, startup: false, activationEvent: 'onLanguage:terraform'
2023-10-29 11:08:04.283 [warning] [Decorations] CAPPING events from decorations provider vscode.git 3246
2023-10-29 11:08:04.951 [warning] [Decorations] CAPPING events from decorations provider vscode.git 3246
2023-10-29 11:08:07.909 [warning] [Decorations] CAPPING events from decorations provider vscode.git 3246
2023-10-29 11:08:13.006 [warning] [Decorations] CAPPING events from decorations provider vscode.git 3246
2023-10-29 11:08:18.093 [warning] [Decorations] CAPPING events from decorations provider vscode.git 3246
2023-10-29 11:08:26.037 [warning] [Decorations] CAPPING events from decorations provider vscode.git 3246
2023-10-29 11:08:31.122 [warning] [Decorations] CAPPING events from decorations provider vscode.git 3246
2023-10-29 11:08:42.523 [warning] [Decorations] CAPPING events from decorations provider vscode.git 3246
2023-10-29 11:08:49.347 [warning] [Decorations] CAPPING events from decorations provider vscode.git 3246
2023-10-29 11:08:54.438 [warning] [Decorations] CAPPING events from decorations provider vscode.git 3246
2023-10-29 11:08:59.528 [warning] [Decorations] CAPPING events from decorations provider vscode.git 3246
2023-10-29 11:09:04.623 [warning] [Decorations] CAPPING events from decorations provider vscode.git 3246
2023-10-29 11:09:09.720 [warning] [Decorations] CAPPING events from decorations provider vscode.git 3246
2023-10-29 11:09:14.801 [warning] [Decorations] CAPPING events from decorations provider vscode.git 3246
2023-10-29 11:09:19.886 [warning] [Decorations] CAPPING events from decorations provider vscode.git 3246
