2023-10-27 04:31:19.368 [info] Extension host with pid 21903 started
2023-10-27 04:31:19.382 [info] Lock '/home/rahul/.vscode-server/data/User/workspaceStorage/a7d4fcbeb173e8ad08faa0522097a07a/vscode.lock': Lock acquired.
2023-10-27 04:31:19.927 [info] ExtensionService#_doActivateExtension vscode.emmet, startup: false, activationEvent: 'onLanguage'
2023-10-27 04:31:19.929 [info] ExtensionService#_doActivateExtension redhat.vscode-yaml, startup: false, activationEvent: 'onLanguage:yaml'
2023-10-27 04:31:20.383 [info] ExtensionService#_doActivateExtension vscode.git-base, startup: true, activationEvent: '*', root cause: vscode.git
2023-10-27 04:31:20.659 [info] ExtensionService#_doActivateExtension vscode.git, startup: true, activationEvent: '*'
2023-10-27 04:31:20.659 [info] ExtensionService#_doActivateExtension vscode.github, startup: true, activationEvent: '*'
2023-10-27 04:31:20.873 [warning] [redhat.vscode-yaml] Accessing a resource scoped configuration without providing a resource is not expected. To get the effective value for '[yaml]', provide the URI of a resource or 'null' for any resource.
2023-10-27 04:31:20.875 [warning] [redhat.vscode-yaml] Accessing a resource scoped configuration without providing a resource is not expected. To get the effective value for '[yaml]', provide the URI of a resource or 'null' for any resource.
2023-10-27 04:31:21.124 [info] Eager extensions activated
2023-10-27 04:31:21.125 [info] ExtensionService#_doActivateExtension vscode.debug-auto-launch, startup: false, activationEvent: 'onStartupFinished'
2023-10-27 04:31:21.125 [info] ExtensionService#_doActivateExtension vscode.merge-conflict, startup: false, activationEvent: 'onStartupFinished'
2023-10-27 04:31:21.206 [warning] [redhat.vscode-yaml] Accessing a resource scoped configuration without providing a resource is not expected. To get the effective value for '[yaml]', provide the URI of a resource or 'null' for any resource.
2023-10-27 04:31:21.279 [warning] [redhat.vscode-yaml] Accessing a resource scoped configuration without providing a resource is not expected. To get the effective value for '[yaml]', provide the URI of a resource or 'null' for any resource.
2023-10-27 04:31:21.318 [warning] [redhat.vscode-yaml] Accessing a resource scoped configuration without providing a resource is not expected. To get the effective value for '[yaml]', provide the URI of a resource or 'null' for any resource.
2023-10-27 04:31:21.328 [warning] [redhat.vscode-yaml] Accessing a resource scoped configuration without providing a resource is not expected. To get the effective value for '[yaml]', provide the URI of a resource or 'null' for any resource.
2023-10-27 04:32:39.335 [info] ExtensionService#_doActivateExtension vscode.npm, startup: false, activationEvent: 'onTerminalQuickFixRequest:ms-vscode.npm-command'
2023-10-27 06:38:36.764 [info] Extension host terminating: renderer disconnected for too long (2)
2023-10-27 06:38:36.764 [info] Lock '/home/rahul/.vscode-server/data/User/workspaceStorage/a7d4fcbeb173e8ad08faa0522097a07a/vscode.lock': Marking the lockfile as scheduled to be released in 6000 ms.
2023-10-27 06:38:36.778 [info] Extension host with pid 21903 exiting with code 0
