2023-10-27 04:31:22.855 [info] Log level: Info
2023-10-27 04:31:22.855 [info] Validating found git in: "git"
2023-10-27 04:31:22.855 [info] Using git "2.40.1" from "git"
2023-10-27 04:31:22.855 [info] > git rev-parse --show-toplevel [36ms]
2023-10-27 04:31:22.855 [info] fatal: not a git repository (or any of the parent directories): .git
2023-10-27 04:31:22.855 [info] > git rev-parse --show-toplevel [2ms]
2023-10-27 04:31:22.855 [info] fatal: not a git repository (or any of the parent directories): .git
2023-10-27 04:31:22.855 [info] > git rev-parse --show-toplevel [1ms]
2023-10-27 04:31:22.855 [info] fatal: not a git repository (or any of the parent directories): .git
2023-10-27 04:31:22.855 [info] > git rev-parse --show-toplevel [1ms]
2023-10-27 04:31:22.855 [info] fatal: not a git repository (or any of the parent directories): .git
2023-10-27 04:31:22.855 [info] > git rev-parse --show-toplevel [10ms]
2023-10-27 04:31:22.855 [info] fatal: not a git repository (or any of the parent directories): .git
2023-10-27 04:31:22.855 [info] > git rev-parse --show-toplevel [12ms]
2023-10-27 04:31:22.855 [info] fatal: not a git repository (or any of the parent directories): .git
2023-10-27 04:31:22.855 [info] > git rev-parse --show-toplevel [1ms]
2023-10-27 04:31:22.855 [info] fatal: not a git repository (or any of the parent directories): .git
2023-10-27 04:31:22.855 [info] > git rev-parse --show-toplevel [1ms]
2023-10-27 04:31:22.855 [info] fatal: not a git repository (or any of the parent directories): .git
2023-10-27 04:31:22.855 [info] > git rev-parse --show-toplevel [1ms]
2023-10-27 04:31:22.855 [info] fatal: not a git repository (or any of the parent directories): .git
2023-10-27 04:31:22.855 [info] > git rev-parse --show-toplevel [5ms]
2023-10-27 04:31:22.855 [info] fatal: not a git repository (or any of the parent directories): .git
2023-10-27 04:31:22.855 [info] > git rev-parse --show-toplevel [4ms]
2023-10-27 04:31:22.855 [info] fatal: not a git repository (or any of the parent directories): .git
2023-10-27 04:31:22.855 [info] > git rev-parse --show-toplevel [9ms]
2023-10-27 04:31:22.855 [info] fatal: not a git repository (or any of the parent directories): .git
2023-10-27 04:31:22.855 [info] > git rev-parse --show-toplevel [3ms]
2023-10-27 04:31:22.855 [info] fatal: not a git repository (or any of the parent directories): .git
2023-10-27 04:31:22.855 [info] > git rev-parse --show-toplevel [1ms]
2023-10-27 04:31:22.855 [info] fatal: not a git repository (or any of the parent directories): .git
