2023-10-26 09:00:00.191 [info] Log level: Info
2023-10-26 09:00:00.191 [info] Validating found git in: "git"
2023-10-26 09:00:00.191 [info] Using git "2.40.1" from "git"
2023-10-26 09:00:00.191 [info] > git rev-parse --show-toplevel [5ms]
2023-10-26 09:00:00.191 [info] fatal: not a git repository (or any of the parent directories): .git
2023-10-26 09:00:00.191 [info] > git rev-parse --show-toplevel [2ms]
2023-10-26 09:00:00.191 [info] fatal: not a git repository (or any of the parent directories): .git
2023-10-26 09:00:00.191 [info] > git rev-parse --show-toplevel [0ms]
2023-10-26 09:00:00.191 [info] fatal: not a git repository (or any of the parent directories): .git
2023-10-26 09:00:00.191 [info] > git rev-parse --show-toplevel [1ms]
2023-10-26 09:00:00.191 [info] fatal: not a git repository (or any of the parent directories): .git
2023-10-26 09:00:00.191 [info] > git rev-parse --show-toplevel [1ms]
2023-10-26 09:00:00.191 [info] fatal: not a git repository (or any of the parent directories): .git
2023-10-26 09:00:00.191 [info] > git rev-parse --show-toplevel [0ms]
2023-10-26 09:00:00.191 [info] fatal: not a git repository (or any of the parent directories): .git
2023-10-26 09:00:00.191 [info] > git rev-parse --show-toplevel [1ms]
2023-10-26 09:00:00.191 [info] fatal: not a git repository (or any of the parent directories): .git
2023-10-26 09:08:05.348 [info] > git rev-parse --show-toplevel [2ms]
2023-10-26 09:08:05.348 [info] fatal: not a git repository (or any of the parent directories): .git
2023-10-26 09:11:46.209 [info] > git rev-parse --show-toplevel [150ms]
2023-10-26 09:11:46.209 [info] fatal: not a git repository (or any of the parent directories): .git
2023-10-26 09:28:37.683 [info] > git rev-parse --show-toplevel [3ms]
2023-10-26 09:28:37.683 [info] fatal: not a git repository (or any of the parent directories): .git
2023-10-26 09:31:44.235 [info] > git rev-parse --show-toplevel [2ms]
2023-10-26 09:31:44.235 [info] fatal: not a git repository (or any of the parent directories): .git
2023-10-26 10:10:38.759 [info] > git rev-parse --show-toplevel [2ms]
2023-10-26 10:10:38.759 [info] fatal: not a git repository (or any of the parent directories): .git
2023-10-26 10:26:32.922 [info] > git rev-parse --show-toplevel [2ms]
2023-10-26 10:26:32.923 [info] fatal: not a git repository (or any of the parent directories): .git
2023-10-26 10:29:42.217 [info] > git rev-parse --show-toplevel [4ms]
2023-10-26 10:29:42.217 [info] fatal: not a git repository (or any of the parent directories): .git
2023-10-26 10:29:45.744 [info] > git rev-parse --show-toplevel [1ms]
2023-10-26 10:29:45.744 [info] fatal: not a git repository (or any of the parent directories): .git
2023-10-26 10:38:17.238 [info] > git rev-parse --show-toplevel [1ms]
2023-10-26 10:38:17.238 [info] fatal: not a git repository (or any of the parent directories): .git
2023-10-26 10:38:22.811 [info] > git rev-parse --show-toplevel [1ms]
2023-10-26 10:38:22.811 [info] fatal: not a git repository (or any of the parent directories): .git
2023-10-26 10:38:25.293 [info] > git rev-parse --show-toplevel [2ms]
2023-10-26 10:38:25.294 [info] fatal: not a git repository (or any of the parent directories): .git
2023-10-26 10:38:31.545 [info] > git rev-parse --show-toplevel [2ms]
2023-10-26 10:38:31.545 [info] fatal: not a git repository (or any of the parent directories): .git
2023-10-26 10:39:45.087 [info] > git rev-parse --show-toplevel [2ms]
2023-10-26 10:39:45.087 [info] fatal: not a git repository (or any of the parent directories): .git
2023-10-26 10:39:49.962 [info] > git rev-parse --show-toplevel [2ms]
2023-10-26 10:39:49.962 [info] fatal: not a git repository (or any of the parent directories): .git
2023-10-26 12:28:42.761 [info] > git rev-parse --show-toplevel [1ms]
2023-10-26 12:28:42.761 [info] fatal: not a git repository (or any of the parent directories): .git
2023-10-26 12:28:51.115 [info] > git rev-parse --show-toplevel [3ms]
2023-10-26 12:28:51.115 [info] fatal: not a git repository (or any of the parent directories): .git
2023-10-26 12:29:01.547 [info] > git rev-parse --show-toplevel [1ms]
2023-10-26 12:29:01.547 [info] fatal: not a git repository (or any of the parent directories): .git
2023-10-26 12:29:02.090 [info] > git rev-parse --show-toplevel [3ms]
2023-10-26 12:29:02.090 [info] fatal: not a git repository (or any of the parent directories): .git
2023-10-26 12:30:44.082 [info] > git rev-parse --show-toplevel [2ms]
2023-10-26 12:30:44.082 [info] fatal: not a git repository (or any of the parent directories): .git
2023-10-26 12:30:58.625 [info] > git rev-parse --show-toplevel [1ms]
2023-10-26 12:30:58.625 [info] fatal: not a git repository (or any of the parent directories): .git
2023-10-26 12:31:00.412 [info] > git rev-parse --show-toplevel [2ms]
2023-10-26 12:31:00.412 [info] fatal: not a git repository (or any of the parent directories): .git
2023-10-26 12:31:01.148 [info] > git rev-parse --show-toplevel [2ms]
2023-10-26 12:31:01.148 [info] fatal: not a git repository (or any of the parent directories): .git
