2023-10-25 05:57:29.415 [info] Log level: Info
2023-10-25 05:57:29.415 [info] Validating found git in: "git"
2023-10-25 05:57:29.415 [info] Using git "2.40.1" from "git"
2023-10-25 05:57:29.415 [info] > git rev-parse --show-toplevel [81ms]
2023-10-25 05:57:29.415 [info] fatal: not a git repository (or any of the parent directories): .git
2023-10-25 05:57:29.415 [info] > git rev-parse --show-toplevel [2ms]
2023-10-25 05:57:29.415 [info] fatal: not a git repository (or any of the parent directories): .git
2023-10-25 05:57:29.415 [info] > git rev-parse --show-toplevel [1ms]
2023-10-25 05:57:29.415 [info] fatal: not a git repository (or any of the parent directories): .git
2023-10-25 05:57:29.415 [info] > git rev-parse --show-toplevel [1ms]
2023-10-25 05:57:29.415 [info] fatal: not a git repository (or any of the parent directories): .git
2023-10-25 05:57:29.415 [info] > git rev-parse --show-toplevel [1ms]
2023-10-25 05:57:29.415 [info] fatal: not a git repository (or any of the parent directories): .git
2023-10-25 05:57:29.415 [info] > git rev-parse --show-toplevel [1ms]
2023-10-25 05:57:29.416 [info] fatal: not a git repository (or any of the parent directories): .git
2023-10-25 05:57:29.416 [info] > git rev-parse --show-toplevel [1ms]
2023-10-25 05:57:29.416 [info] fatal: not a git repository (or any of the parent directories): .git
2023-10-25 06:06:19.911 [info] > git rev-parse --show-toplevel [89ms]
2023-10-25 06:06:19.919 [info] > git rev-parse --git-dir --git-common-dir [2ms]
2023-10-25 06:06:19.935 [info] Open repository: /home/rahul/rahul-apps/webui-app/project-html-website
2023-10-25 06:06:19.944 [info] > git config --get commit.template [2ms]
2023-10-25 06:06:19.952 [info] > git for-each-ref --format=%(refname)%00%(upstream:short)%00%(objectname)%00%(upstream:track)%00%(upstream:remotename)%00%(upstream:remoteref) refs/heads/master refs/remotes/master [3ms]
2023-10-25 06:06:19.965 [info] > git status -z -uall [5ms]
2023-10-25 06:06:19.989 [info] > git config --get commit.template [7ms]
2023-10-25 06:06:19.990 [info] > git for-each-ref --format=%(refname)%00%(upstream:short)%00%(objectname)%00%(upstream:track)%00%(upstream:remotename)%00%(upstream:remoteref) refs/heads/master refs/remotes/master [2ms]
2023-10-25 06:06:19.999 [info] > git status -z -uall [5ms]
2023-10-25 06:06:20.724 [info] > git show --textconv :index.html [13ms]
2023-10-25 06:06:20.725 [info] > git ls-files --stage -- /home/rahul/rahul-apps/webui-app/project-html-website/index.html [8ms]
2023-10-25 06:06:20.730 [info] > git check-ignore -v -z --stdin [7ms]
2023-10-25 06:06:20.733 [info] > git cat-file -s 0d303bbc022d97ec9b9ffce846957769b64f2b90 [4ms]
2023-10-25 06:06:30.337 [info] > git config --get commit.template [6ms]
2023-10-25 06:06:30.338 [info] > git for-each-ref --format=%(refname)%00%(upstream:short)%00%(objectname)%00%(upstream:track)%00%(upstream:remotename)%00%(upstream:remoteref) refs/heads/master refs/remotes/master [2ms]
2023-10-25 06:06:30.347 [info] > git status -z -uall [5ms]
