2023-10-27 06:33:39.306 [info] Extension host with pid 27985 started
2023-10-27 06:33:39.309 [error] Error: EEXIST: file already exists, open '/home/rahul/.vscode-server/data/User/workspaceStorage/a7d4fcbeb173e8ad08faa0522097a07a/vscode.lock'
2023-10-27 06:33:39.315 [info] Lock '/home/rahul/.vscode-server/data/User/workspaceStorage/a7d4fcbeb173e8ad08faa0522097a07a/vscode.lock': Could not acquire lock, checking if the file is stale.
2023-10-27 06:33:39.319 [info] Lock '/home/rahul/.vscode-server/data/User/workspaceStorage/a7d4fcbeb173e8ad08faa0522097a07a/vscode.lock': The lock does not look stale, elapsed: 817 ms, giving up.
2023-10-27 06:33:39.330 [info] Lock '/home/rahul/.vscode-server/data/User/workspaceStorage/a7d4fcbeb173e8ad08faa0522097a07a-1/vscode.lock': Lock acquired.
2023-10-27 06:33:39.649 [info] ExtensionService#_doActivateExtension vscode.emmet, startup: false, activationEvent: 'onLanguage'
2023-10-27 06:33:39.651 [info] ExtensionService#_doActivateExtension redhat.vscode-yaml, startup: false, activationEvent: 'onLanguage:yaml'
2023-10-27 06:33:40.200 [info] ExtensionService#_doActivateExtension vscode.git-base, startup: true, activationEvent: '*', root cause: vscode.git
2023-10-27 06:33:40.505 [info] ExtensionService#_doActivateExtension vscode.git, startup: true, activationEvent: '*'
2023-10-27 06:33:40.505 [info] ExtensionService#_doActivateExtension vscode.github, startup: true, activationEvent: '*'
2023-10-27 06:33:40.630 [warning] [redhat.vscode-yaml] Accessing a resource scoped configuration without providing a resource is not expected. To get the effective value for '[yaml]', provide the URI of a resource or 'null' for any resource.
2023-10-27 06:33:40.632 [warning] [redhat.vscode-yaml] Accessing a resource scoped configuration without providing a resource is not expected. To get the effective value for '[yaml]', provide the URI of a resource or 'null' for any resource.
2023-10-27 06:33:40.883 [warning] [redhat.vscode-yaml] Accessing a resource scoped configuration without providing a resource is not expected. To get the effective value for '[yaml]', provide the URI of a resource or 'null' for any resource.
2023-10-27 06:33:40.932 [warning] [redhat.vscode-yaml] Accessing a resource scoped configuration without providing a resource is not expected. To get the effective value for '[yaml]', provide the URI of a resource or 'null' for any resource.
2023-10-27 06:33:40.961 [warning] [redhat.vscode-yaml] Accessing a resource scoped configuration without providing a resource is not expected. To get the effective value for '[yaml]', provide the URI of a resource or 'null' for any resource.
2023-10-27 06:33:40.971 [warning] [redhat.vscode-yaml] Accessing a resource scoped configuration without providing a resource is not expected. To get the effective value for '[yaml]', provide the URI of a resource or 'null' for any resource.
2023-10-27 06:33:41.042 [info] Eager extensions activated
2023-10-27 06:33:41.042 [info] ExtensionService#_doActivateExtension vscode.debug-auto-launch, startup: false, activationEvent: 'onStartupFinished'
2023-10-27 06:33:41.043 [info] ExtensionService#_doActivateExtension vscode.merge-conflict, startup: false, activationEvent: 'onStartupFinished'
2023-10-27 06:44:11.536 [info] ExtensionService#_doActivateExtension vscode.npm, startup: false, activationEvent: 'onTerminalQuickFixRequest:ms-vscode.npm-command'
2023-10-27 09:10:19.326 [info] Extension host terminating: renderer disconnected for too long (2)
2023-10-27 09:10:19.326 [info] Lock '/home/rahul/.vscode-server/data/User/workspaceStorage/a7d4fcbeb173e8ad08faa0522097a07a-1/vscode.lock': Marking the lockfile as scheduled to be released in 6000 ms.
2023-10-27 09:10:19.340 [info] Extension host with pid 27985 exiting with code 0
