2023-10-26 04:16:09.861 [info] Log level: Info
2023-10-26 04:16:09.861 [info] Validating found git in: "git"
2023-10-26 04:16:09.861 [info] Using git "2.40.1" from "git"
2023-10-26 04:16:09.861 [info] > git rev-parse --show-toplevel [47ms]
2023-10-26 04:16:09.861 [info] fatal: not a git repository (or any of the parent directories): .git
2023-10-26 04:16:09.861 [info] > git rev-parse --show-toplevel [2ms]
2023-10-26 04:16:09.861 [info] fatal: not a git repository (or any of the parent directories): .git
2023-10-26 04:16:09.861 [info] > git rev-parse --show-toplevel [1ms]
2023-10-26 04:16:09.861 [info] fatal: not a git repository (or any of the parent directories): .git
2023-10-26 04:16:09.861 [info] > git rev-parse --show-toplevel [2ms]
2023-10-26 04:16:09.861 [info] fatal: not a git repository (or any of the parent directories): .git
2023-10-26 04:16:09.861 [info] > git rev-parse --show-toplevel [2ms]
2023-10-26 04:16:09.861 [info] fatal: not a git repository (or any of the parent directories): .git
2023-10-26 04:16:09.861 [info] > git rev-parse --show-toplevel [1ms]
2023-10-26 04:16:09.861 [info] fatal: not a git repository (or any of the parent directories): .git
2023-10-26 04:16:09.861 [info] > git rev-parse --show-toplevel [1ms]
2023-10-26 04:16:09.861 [info] fatal: not a git repository (or any of the parent directories): .git
2023-10-26 04:16:29.818 [info] > git rev-parse --show-toplevel [273ms]
2023-10-26 04:16:29.818 [info] fatal: not a git repository (or any of the parent directories): .git
2023-10-26 06:48:42.728 [info] > git rev-parse --show-toplevel [1ms]
2023-10-26 06:48:42.728 [info] fatal: not a git repository (or any of the parent directories): .git
2023-10-26 06:59:19.939 [info] > git rev-parse --show-toplevel [2ms]
2023-10-26 06:59:19.939 [info] fatal: not a git repository (or any of the parent directories): .git
