2023-10-24 19:28:43.070 [info] Log level: Info
2023-10-24 19:28:43.070 [info] Validating found git in: "git"
2023-10-24 19:28:43.070 [info] Using git "2.40.1" from "git"
2023-10-24 19:28:43.070 [info] > git rev-parse --show-toplevel [40ms]
2023-10-24 19:28:43.070 [info] fatal: not a git repository (or any of the parent directories): .git
2023-10-24 19:28:43.070 [info] > git rev-parse --show-toplevel [1ms]
2023-10-24 19:28:43.070 [info] fatal: not a git repository (or any of the parent directories): .git
2023-10-24 19:28:43.070 [info] > git rev-parse --show-toplevel [2ms]
2023-10-24 19:28:43.070 [info] fatal: not a git repository (or any of the parent directories): .git
2023-10-24 19:28:43.070 [info] > git rev-parse --show-toplevel [1ms]
2023-10-24 19:28:43.070 [info] fatal: not a git repository (or any of the parent directories): .git
2023-10-24 19:28:43.070 [info] > git rev-parse --show-toplevel [1ms]
2023-10-24 19:28:43.070 [info] fatal: not a git repository (or any of the parent directories): .git
2023-10-24 19:28:43.070 [info] > git rev-parse --show-toplevel [1ms]
2023-10-24 19:28:43.070 [info] fatal: not a git repository (or any of the parent directories): .git
2023-10-24 19:28:43.070 [info] > git rev-parse --show-toplevel [6ms]
2023-10-24 19:28:43.070 [info] fatal: not a git repository (or any of the parent directories): .git
2023-10-24 19:28:43.070 [info] > git rev-parse --show-toplevel [2ms]
2023-10-24 19:28:43.070 [info] fatal: not a git repository (or any of the parent directories): .git
2023-10-24 19:28:43.070 [info] > git rev-parse --show-toplevel [1ms]
2023-10-24 19:28:43.070 [info] fatal: not a git repository (or any of the parent directories): .git
