*
* Visual Studio Code Server
*
* By using the software, you agree to
* the Visual Studio Code Server License Terms (https://aka.ms/vscode-server-license) and
* the Microsoft Privacy Statement (https://privacy.microsoft.com/en-US/privacystatement).
*
Server bound to 127.0.0.1:33425 (IPv4)
Extension host agent listening on 33425

[04:58:48] 




[04:58:48] Extension host agent started.
[04:58:50] [127.0.0.1][4cef7e6a][ManagementConnection] New connection established.
[04:58:50] [127.0.0.1][6982a69b][ExtensionHostConnection] New connection established.
[04:58:50] [127.0.0.1][6982a69b][ExtensionHostConnection] <31162> Launched Extension Host Process.
[IPC Library: Pty Host]  WARN Shell integration cannot be enabled for executable "/bin/sh" and args [
  '-c',
  'wget --version > /dev/null\n' +
    'if [ $? -eq 0 ]\n' +
    'then\n' +
    "\twget --connect-timeout=7 --tries=1 --dns-timeout=7 -q --header='Metadata:true' -O - http://169.254.169.254/metadata/instance?api-version=2019-03-11\n" +
    'else\n' +
    '\tcurl --version > /dev/null\n' +
    '\tif [ $? -eq 0 ]\n' +
    '\tthen\n' +
    "\t\tcurl --connect-timeout 7 -s --header='Metadata:true' http://169.254.169.254/metadata/instance?api-version=2019-03-11\n" +
    '\tfi\n' +
    'fi\n' +
    'exit 0'
]
[IPC Library: Pty Host]  WARN Shell integration cannot be enabled for executable "/bin/sh" and args [
  '-c',
  'wget --version > /dev/null\n' +
    'if [ $? -eq 0 ]\n' +
    'then\n' +
    '\twget --connect-timeout=7 --tries=1 --dns-timeout=7 -q  -O - http://169.254.169.254/latest/meta-data/instance-id\n' +
    'else\n' +
    '\tcurl --version > /dev/null\n' +
    '\tif [ $? -eq 0 ]\n' +
    '\tthen\n' +
    '\t\tcurl --connect-timeout 7 -s  http://169.254.169.254/latest/meta-data/instance-id\n' +
    '\tfi\n' +
    'fi\n' +
    'exit 0'
]
[IPC Library: Pty Host]  WARN Shell integration cannot be enabled for executable "/bin/sh" and args [
  '-c',
  'wget --version > /dev/null\n' +
    'if [ $? -eq 0 ]\n' +
    'then\n' +
    '\twget --connect-timeout=7 --tries=1 --dns-timeout=7 -q  -O - http://169.254.169.254/metadata/v1/id\n' +
    'else\n' +
    '\tcurl --version > /dev/null\n' +
    '\tif [ $? -eq 0 ]\n' +
    '\tthen\n' +
    '\t\tcurl --connect-timeout 7 -s  http://169.254.169.254/metadata/v1/id\n' +
    '\tfi\n' +
    'fi\n' +
    'exit 0'
]
[IPC Library: Pty Host]  WARN Shell integration cannot be enabled for executable "/bin/sh" and args [
  '-c',
  'wget --version > /dev/null\n' +
    'if [ $? -eq 0 ]\n' +
    'then\n' +
    "\twget --connect-timeout=7 --tries=1 --dns-timeout=7 -q --header='Metadata-Flavor:Google' -O - http://metadata.google.internal/computeMetadata/v1/instance/id\n" +
    'else\n' +
    '\tcurl --version > /dev/null\n' +
    '\tif [ $? -eq 0 ]\n' +
    '\tthen\n' +
    "\t\tcurl --connect-timeout 7 -s --header='Metadata-Flavor:Google' http://metadata.google.internal/computeMetadata/v1/instance/id\n" +
    '\tfi\n' +
    'fi\n' +
    'exit 0'
]
[04:59:18] [127.0.0.1][4cef7e6a][ManagementConnection] The client has disconnected gracefully, so the connection will be disposed.
[04:59:18] [127.0.0.1][6982a69b][ExtensionHostConnection] <31162> Extension Host Process exited with code: 0, signal: null.
Cancelling previous shutdown timeout
[04:59:18] Cancelling previous shutdown timeout
Last EH closed, waiting before shutting down
[04:59:18] Last EH closed, waiting before shutting down
Got delay-shutdown request while in shutdown timeout, delaying
[04:59:32] Got delay-shutdown request while in shutdown timeout, delaying
Cancelling previous shutdown timeout
[04:59:32] Cancelling previous shutdown timeout
[04:59:33] [127.0.0.1][066004a1][ManagementConnection] New connection established.
[04:59:34] [127.0.0.1][e1506ea2][ExtensionHostConnection] New connection established.
[04:59:34] [127.0.0.1][e1506ea2][ExtensionHostConnection] <31395> Launched Extension Host Process.
[IPC Library: Pty Host]  WARN Shell integration cannot be enabled for executable "/bin/sh" and args [
  '-c',
  'wget --version > /dev/null\n' +
    'if [ $? -eq 0 ]\n' +
    'then\n' +
    "\twget --connect-timeout=7 --tries=1 --dns-timeout=7 -q --header='Metadata:true' -O - http://169.254.169.254/metadata/instance?api-version=2019-03-11\n" +
    'else\n' +
    '\tcurl --version > /dev/null\n' +
    '\tif [ $? -eq 0 ]\n' +
    '\tthen\n' +
    "\t\tcurl --connect-timeout 7 -s --header='Metadata:true' http://169.254.169.254/metadata/instance?api-version=2019-03-11\n" +
    '\tfi\n' +
    'fi\n' +
    'exit 0'
]
[IPC Library: Pty Host]  WARN Shell integration cannot be enabled for executable "/bin/sh" and args [
  '-c',
  'wget --version > /dev/null\n' +
    'if [ $? -eq 0 ]\n' +
    'then\n' +
    '\twget --connect-timeout=7 --tries=1 --dns-timeout=7 -q  -O - http://169.254.169.254/latest/meta-data/instance-id\n' +
    'else\n' +
    '\tcurl --version > /dev/null\n' +
    '\tif [ $? -eq 0 ]\n' +
    '\tthen\n' +
    '\t\tcurl --connect-timeout 7 -s  http://169.254.169.254/latest/meta-data/instance-id\n' +
    '\tfi\n' +
    'fi\n' +
    'exit 0'
]
[IPC Library: Pty Host]  WARN Shell integration cannot be enabled for executable "/bin/sh" and args [
  '-c',
  'wget --version > /dev/null\n' +
    'if [ $? -eq 0 ]\n' +
    'then\n' +
    '\twget --connect-timeout=7 --tries=1 --dns-timeout=7 -q  -O - http://169.254.169.254/metadata/v1/id\n' +
    'else\n' +
    '\tcurl --version > /dev/null\n' +
    '\tif [ $? -eq 0 ]\n' +
    '\tthen\n' +
    '\t\tcurl --connect-timeout 7 -s  http://169.254.169.254/metadata/v1/id\n' +
    '\tfi\n' +
    'fi\n' +
    'exit 0'
]
[IPC Library: Pty Host]  WARN Shell integration cannot be enabled for executable "/bin/sh" and args [
  '-c',
  'wget --version > /dev/null\n' +
    'if [ $? -eq 0 ]\n' +
    'then\n' +
    "\twget --connect-timeout=7 --tries=1 --dns-timeout=7 -q --header='Metadata-Flavor:Google' -O - http://metadata.google.internal/computeMetadata/v1/instance/id\n" +
    'else\n' +
    '\tcurl --version > /dev/null\n' +
    '\tif [ $? -eq 0 ]\n' +
    '\tthen\n' +
    "\t\tcurl --connect-timeout 7 -s --header='Metadata-Flavor:Google' http://metadata.google.internal/computeMetadata/v1/instance/id\n" +
    '\tfi\n' +
    'fi\n' +
    'exit 0'
]
New EH opened, aborting shutdown
[05:04:32] New EH opened, aborting shutdown
[05:09:41] [127.0.0.1][78fc0b5c][ManagementConnection] New connection established.
[05:09:42] [127.0.0.1][316ceb96][ExtensionHostConnection] New connection established.
[05:09:42] [127.0.0.1][316ceb96][ExtensionHostConnection] <2049> Launched Extension Host Process.
[IPC Library: Pty Host]  WARN Shell integration cannot be enabled for executable "/bin/sh" and args [
  '-c',
  'wget --version > /dev/null\n' +
    'if [ $? -eq 0 ]\n' +
    'then\n' +
    "\twget --connect-timeout=7 --tries=1 --dns-timeout=7 -q --header='Metadata:true' -O - http://169.254.169.254/metadata/instance?api-version=2019-03-11\n" +
    'else\n' +
    '\tcurl --version > /dev/null\n' +
    '\tif [ $? -eq 0 ]\n' +
    '\tthen\n' +
    "\t\tcurl --connect-timeout 7 -s --header='Metadata:true' http://169.254.169.254/metadata/instance?api-version=2019-03-11\n" +
    '\tfi\n' +
    'fi\n' +
    'exit 0'
]
[IPC Library: Pty Host]  WARN Shell integration cannot be enabled for executable "/bin/sh" and args [
  '-c',
  'wget --version > /dev/null\n' +
    'if [ $? -eq 0 ]\n' +
    'then\n' +
    '\twget --connect-timeout=7 --tries=1 --dns-timeout=7 -q  -O - http://169.254.169.254/latest/meta-data/instance-id\n' +
    'else\n' +
    '\tcurl --version > /dev/null\n' +
    '\tif [ $? -eq 0 ]\n' +
    '\tthen\n' +
    '\t\tcurl --connect-timeout 7 -s  http://169.254.169.254/latest/meta-data/instance-id\n' +
    '\tfi\n' +
    'fi\n' +
    'exit 0'
]
[IPC Library: Pty Host]  WARN Shell integration cannot be enabled for executable "/bin/sh" and args [
  '-c',
  'wget --version > /dev/null\n' +
    'if [ $? -eq 0 ]\n' +
    'then\n' +
    '\twget --connect-timeout=7 --tries=1 --dns-timeout=7 -q  -O - http://169.254.169.254/metadata/v1/id\n' +
    'else\n' +
    '\tcurl --version > /dev/null\n' +
    '\tif [ $? -eq 0 ]\n' +
    '\tthen\n' +
    '\t\tcurl --connect-timeout 7 -s  http://169.254.169.254/metadata/v1/id\n' +
    '\tfi\n' +
    'fi\n' +
    'exit 0'
]
[IPC Library: Pty Host]  WARN Shell integration cannot be enabled for executable "/bin/sh" and args [
  '-c',
  'wget --version > /dev/null\n' +
    'if [ $? -eq 0 ]\n' +
    'then\n' +
    "\twget --connect-timeout=7 --tries=1 --dns-timeout=7 -q --header='Metadata-Flavor:Google' -O - http://metadata.google.internal/computeMetadata/v1/instance/id\n" +
    'else\n' +
    '\tcurl --version > /dev/null\n' +
    '\tif [ $? -eq 0 ]\n' +
    '\tthen\n' +
    "\t\tcurl --connect-timeout 7 -s --header='Metadata-Flavor:Google' http://metadata.google.internal/computeMetadata/v1/instance/id\n" +
    '\tfi\n' +
    'fi\n' +
    'exit 0'
]
[05:14:41] [127.0.0.1][e1506ea2][ExtensionHostConnection] <31395> Extension Host Process exited with code: 0, signal: null.
[11:05:33] Getting Manifest... hashicorp.terraform
[11:05:33] Installing extension: hashicorp.terraform
[11:05:35] Extension signature is verified: hashicorp.terraform
[11:05:36] Extracted extension to /home/rahul/.vscode-server/extensions/.454b989b-bb7e-43b3-ae67-72a083509b25: hashicorp.terraform
[11:05:36] Renamed to /home/rahul/.vscode-server/extensions/hashicorp.terraform-2.28.2-linux-x64
[11:05:36] Extracting extension completed. hashicorp.terraform
[11:05:36] Extension installed successfully: hashicorp.terraform
