2023-10-25 04:42:21.988 [info] Log level: Info
2023-10-25 04:42:21.988 [info] Validating found git in: "git"
2023-10-25 04:42:21.988 [info] Using git "2.40.1" from "git"
2023-10-25 04:42:21.988 [info] > git rev-parse --show-toplevel [37ms]
2023-10-25 04:42:21.988 [info] fatal: not a git repository (or any of the parent directories): .git
2023-10-25 04:42:21.988 [info] > git rev-parse --show-toplevel [9ms]
2023-10-25 04:42:21.988 [info] fatal: not a git repository (or any of the parent directories): .git
2023-10-25 04:42:21.988 [info] > git rev-parse --show-toplevel [1ms]
2023-10-25 04:42:21.988 [info] fatal: not a git repository (or any of the parent directories): .git
2023-10-25 04:42:21.988 [info] > git rev-parse --show-toplevel [2ms]
2023-10-25 04:42:21.988 [info] fatal: not a git repository (or any of the parent directories): .git
2023-10-25 04:42:21.988 [info] > git rev-parse --show-toplevel [2ms]
2023-10-25 04:42:21.988 [info] fatal: not a git repository (or any of the parent directories): .git
2023-10-25 04:42:21.988 [info] > git rev-parse --show-toplevel [1ms]
2023-10-25 04:42:21.988 [info] fatal: not a git repository (or any of the parent directories): .git
2023-10-25 04:42:21.988 [info] > git rev-parse --show-toplevel [2ms]
2023-10-25 04:42:21.988 [info] fatal: not a git repository (or any of the parent directories): .git
2023-10-25 04:42:21.988 [info] > git rev-parse --show-toplevel [2ms]
2023-10-25 04:42:21.988 [info] fatal: not a git repository (or any of the parent directories): .git
2023-10-25 04:42:21.988 [info] > git rev-parse --show-toplevel [13ms]
2023-10-25 04:42:21.988 [info] fatal: not a git repository (or any of the parent directories): .git
2023-10-25 04:42:21.988 [info] > git rev-parse --show-toplevel [45ms]
2023-10-25 04:42:21.988 [info] fatal: not a git repository (or any of the parent directories): .git
2023-10-25 04:42:21.988 [info] > git rev-parse --show-toplevel [6ms]
2023-10-25 04:42:21.988 [info] fatal: not a git repository (or any of the parent directories): .git
2023-10-25 04:42:21.988 [info] > git rev-parse --show-toplevel [2ms]
2023-10-25 04:42:21.988 [info] fatal: not a git repository (or any of the parent directories): .git
2023-10-25 04:49:28.624 [info] > git rev-parse --show-toplevel [1ms]
2023-10-25 04:49:28.624 [info] fatal: not a git repository (or any of the parent directories): .git
2023-10-25 04:49:52.952 [info] > git rev-parse --show-toplevel [2ms]
2023-10-25 04:49:52.952 [info] fatal: not a git repository (or any of the parent directories): .git
2023-10-25 04:49:55.212 [info] > git rev-parse --show-toplevel [1ms]
2023-10-25 04:49:55.212 [info] fatal: not a git repository (or any of the parent directories): .git
2023-10-25 04:51:08.640 [info] > git rev-parse --show-toplevel [2ms]
2023-10-25 04:51:08.640 [info] fatal: not a git repository (or any of the parent directories): .git
2023-10-25 04:51:11.246 [info] > git rev-parse --show-toplevel [1ms]
2023-10-25 04:51:11.246 [info] fatal: not a git repository (or any of the parent directories): .git
2023-10-25 04:52:00.370 [info] > git rev-parse --show-toplevel [1ms]
2023-10-25 04:52:00.370 [info] fatal: not a git repository (or any of the parent directories): .git
2023-10-25 04:52:20.864 [info] > git rev-parse --show-toplevel [5ms]
2023-10-25 04:52:20.865 [info] fatal: not a git repository (or any of the parent directories): .git
2023-10-25 04:52:52.309 [info] > git rev-parse --show-toplevel [1ms]
2023-10-25 04:52:52.309 [info] fatal: not a git repository (or any of the parent directories): .git
2023-10-25 05:16:39.889 [info] > git rev-parse --show-toplevel [1ms]
2023-10-25 05:16:39.889 [info] fatal: not a git repository (or any of the parent directories): .git
2023-10-25 05:16:40.491 [info] > git rev-parse --show-toplevel [1ms]
2023-10-25 05:16:40.491 [info] fatal: not a git repository (or any of the parent directories): .git
2023-10-25 05:16:42.599 [info] > git rev-parse --show-toplevel [1ms]
2023-10-25 05:16:42.599 [info] fatal: not a git repository (or any of the parent directories): .git
2023-10-25 05:21:12.641 [info] > git rev-parse --show-toplevel [1ms]
2023-10-25 05:21:12.641 [info] fatal: not a git repository (or any of the parent directories): .git
2023-10-25 05:21:45.013 [info] > git rev-parse --show-toplevel [2ms]
2023-10-25 05:21:45.013 [info] fatal: not a git repository (or any of the parent directories): .git
2023-10-25 05:21:48.215 [info] > git rev-parse --show-toplevel [1ms]
2023-10-25 05:21:48.215 [info] fatal: not a git repository (or any of the parent directories): .git
2023-10-25 05:21:50.796 [info] > git rev-parse --show-toplevel [1ms]
2023-10-25 05:21:50.796 [info] fatal: not a git repository (or any of the parent directories): .git
2023-10-25 05:29:48.862 [info] > git rev-parse --show-toplevel [1ms]
2023-10-25 05:29:48.862 [info] fatal: not a git repository (or any of the parent directories): .git
